<?xml version="1.0" encoding="UTF-8"?>
<!-- Generated by org.testng.reporters.JUnitXMLReporter -->
<testsuite hostname="Anils-MacBook-Air.local" failures="0" tests="7" name="Default test" time="42.329" errors="0" timestamp="29 Jul 2018 21:34:09 GMT">
  <testcase classname="com.channelassist.tests.TestNGTests" name="selectandVerifyProductPage" time="4.219"/>
  <testcase classname="com.channelassist.tests.TestNGTests" name="selectandVerifyAccessoriesPage" time="8.926"/>
  <testcase classname="com.channelassist.tests.TestNGTests" name="selectMagicMouse" time="4.004"/>
  <testcase classname="com.channelassist.tests.TestNGTests" name="addtocart" time="0.093"/>
  <testcase classname="com.channelassist.tests.TestNGTests" name="verifyQuantityandCheckout" time="3.324"/>
  <testcase classname="com.channelassist.tests.TestNGTests" name="billingDetailsDataDriven" time="2.309"/>
  <testcase classname="com.channelassist.tests.TestNGTests" name="purchaseandValidate" time="10.933"/>
</testsuite> <!-- Default test -->
