<?xml version="1.0" encoding="UTF-8"?>
<!-- Generated by org.testng.reporters.JUnitXMLReporter -->
<testsuite hostname="Anils-MacBook-Air.local" failures="0" tests="8" name="Test" time="54.054" errors="0" timestamp="28 Jul 2018 18:15:18 GMT">
  <testcase classname="com.channelassist.exercise.ChannelAssistExercise.AppTest" name="testApp" time="0.014"/>
  <testcase classname="com.channelassist.tests.testNGTests" name="Selectproduct" time="2.965"/>
  <testcase classname="com.channelassist.tests.testNGTests" name="SelectAccessories" time="4.235"/>
  <testcase classname="com.channelassist.tests.testNGTests" name="SelectMagicMouse" time="5.511"/>
  <testcase classname="com.channelassist.tests.testNGTests" name="Addtocart" time="0.1"/>
  <testcase classname="com.channelassist.tests.testNGTests" name="Checkout" time="6.891"/>
  <testcase classname="com.channelassist.tests.testNGTests" name="billingdetailsDataDriven" time="2.668"/>
  <testcase classname="com.channelassist.tests.testNGTests" name="Purchase" time="23.406"/>
</testsuite> <!-- Test -->
