<?xml version="1.0" encoding="UTF-8"?>
<!-- Generated by org.testng.reporters.JUnitXMLReporter -->
<testsuite hostname="Anils-MacBook-Air.local" failures="0" tests="7" name="Default test" time="45.078" errors="0" timestamp="28 Jul 2018 22:30:01 GMT">
  <testcase classname="com.channelassist.tests.testNGTests" name="SelectandVerifyProductPage" time="2.484"/>
  <testcase classname="com.channelassist.tests.testNGTests" name="SelectandVerifyAccessoriesPage" time="2.475"/>
  <testcase classname="com.channelassist.tests.testNGTests" name="SelectMagicMouse" time="2.538"/>
  <testcase classname="com.channelassist.tests.testNGTests" name="Addtocart" time="0.116"/>
  <testcase classname="com.channelassist.tests.testNGTests" name="VerifyQuantityandCheckout" time="4.145"/>
  <testcase classname="com.channelassist.tests.testNGTests" name="billingdetailsDataDriven" time="2.35"/>
  <testcase classname="com.channelassist.tests.testNGTests" name="PurchaseandValidate" time="23.818"/>
</testsuite> <!-- Default test -->
