<?xml version="1.0" encoding="UTF-8"?>
<testng-results total="7" passed="7" failed="0" skipped="0">
  <reporter-output>
  </reporter-output>
  <suite started-at="2018-07-29T21:33:26Z" name="Default suite" finished-at="2018-07-29T21:34:08Z" duration-ms="42329">
    <groups>
    </groups>
    <test started-at="2018-07-29T21:33:26Z" name="Default test" finished-at="2018-07-29T21:34:08Z" duration-ms="42329">
      <class name="com.channelassist.tests.TestNGTests">
        <test-method is-config="true" signature="browserInvoke()[pri:0, instance:com.channelassist.tests.TestNGTests@4944252c]" started-at="2018-07-29T17:33:26Z" name="browserInvoke" finished-at="2018-07-29T17:33:35Z" duration-ms="8484" status="PASS">
          <reporter-output>
          </reporter-output>
        </test-method> <!-- browserInvoke -->
        <test-method signature="selectandVerifyProductPage()[pri:0, instance:com.channelassist.tests.TestNGTests@4944252c]" started-at="2018-07-29T17:33:35Z" name="selectandVerifyProductPage" finished-at="2018-07-29T17:33:39Z" duration-ms="4219" status="PASS">
          <reporter-output>
          </reporter-output>
        </test-method> <!-- selectandVerifyProductPage -->
        <test-method signature="selectandVerifyAccessoriesPage()[pri:0, instance:com.channelassist.tests.TestNGTests@4944252c]" started-at="2018-07-29T17:33:39Z" name="selectandVerifyAccessoriesPage" finished-at="2018-07-29T17:33:48Z" duration-ms="8926" status="PASS">
          <reporter-output>
          </reporter-output>
        </test-method> <!-- selectandVerifyAccessoriesPage -->
        <test-method signature="selectMagicMouse()[pri:0, instance:com.channelassist.tests.TestNGTests@4944252c]" started-at="2018-07-29T17:33:48Z" name="selectMagicMouse" finished-at="2018-07-29T17:33:52Z" duration-ms="4004" status="PASS">
          <reporter-output>
          </reporter-output>
        </test-method> <!-- selectMagicMouse -->
        <test-method signature="addtocart()[pri:0, instance:com.channelassist.tests.TestNGTests@4944252c]" started-at="2018-07-29T17:33:52Z" name="addtocart" finished-at="2018-07-29T17:33:52Z" duration-ms="93" status="PASS">
          <reporter-output>
          </reporter-output>
        </test-method> <!-- addtocart -->
        <test-method signature="verifyQuantityandCheckout()[pri:0, instance:com.channelassist.tests.TestNGTests@4944252c]" started-at="2018-07-29T17:33:52Z" name="verifyQuantityandCheckout" finished-at="2018-07-29T17:33:55Z" duration-ms="3324" status="PASS">
          <reporter-output>
          </reporter-output>
        </test-method> <!-- verifyQuantityandCheckout -->
        <test-method signature="billingDetailsDataDriven()[pri:0, instance:com.channelassist.tests.TestNGTests@4944252c]" started-at="2018-07-29T17:33:55Z" name="billingDetailsDataDriven" finished-at="2018-07-29T17:33:58Z" duration-ms="2309" status="PASS">
          <reporter-output>
          </reporter-output>
        </test-method> <!-- billingDetailsDataDriven -->
        <test-method signature="purchaseandValidate()[pri:0, instance:com.channelassist.tests.TestNGTests@4944252c]" started-at="2018-07-29T17:33:58Z" name="purchaseandValidate" finished-at="2018-07-29T17:34:08Z" duration-ms="10933" status="PASS">
          <reporter-output>
          </reporter-output>
        </test-method> <!-- purchaseandValidate -->
      </class> <!-- com.channelassist.tests.TestNGTests -->
    </test> <!-- Default test -->
  </suite> <!-- Default suite -->
</testng-results>
