<?xml version="1.0" encoding="UTF-8"?>
<!-- Generated by org.testng.reporters.JUnitXMLReporter -->
<testsuite ignored="9" hostname="Anils-MacBook-Air.local" failures="0" tests="6" name="Default test" time="12.573" errors="0" timestamp="24 Apr 2018 17:49:08 GMT">
  <testcase classname="e2e_testcases.test_cases" name="email_mandatory" time="1.922"/>
  <testcase classname="e2e_testcases.test_cases" name="firstname_mandatory" time="1.642"/>
  <testcase classname="e2e_testcases.test_cases" name="home_page_title" time="0.089"/>
  <testcase classname="e2e_testcases.test_cases" name="lastname_mandatory" time="1.597"/>
  <testcase classname="e2e_testcases.test_cases" name="valid_email" time="1.967"/>
  <testcase classname="e2e_testcases.test_cases" name="verifyall_fields" time="0.209"/>
  <testcase classname="e2e_testcases.test_cases" name="gettext_lname" time="0.0">
    <ignored/>
  </testcase> <!-- gettext_lname -->
  <testcase classname="e2e_testcases.test_cases" name="fn_input" time="0.0">
    <ignored/>
  </testcase> <!-- fn_input -->
  <testcase classname="e2e_testcases.test_cases" name="gettext_fname" time="0.0">
    <ignored/>
  </testcase> <!-- gettext_fname -->
  <testcase classname="e2e_testcases.test_cases" name="ln_input" time="0.0">
    <ignored/>
  </testcase> <!-- ln_input -->
  <testcase classname="e2e_testcases.test_cases" name="tc_001" time="0.0">
    <ignored/>
  </testcase> <!-- tc_001 -->
  <testcase classname="e2e_testcases.test_cases" name="tc_004" time="0.0">
    <ignored/>
  </testcase> <!-- tc_004 -->
  <testcase classname="e2e_testcases.test_cases" name="email_input" time="0.0">
    <ignored/>
  </testcase> <!-- email_input -->
  <testcase classname="e2e_testcases.test_cases" name="gettext_email" time="0.0">
    <ignored/>
  </testcase> <!-- gettext_email -->
  <testcase classname="e2e_testcases.test_cases" name="tc_002" time="0.0">
    <ignored/>
  </testcase> <!-- tc_002 -->
</testsuite> <!-- Default test -->
