<?xml version="1.0" encoding="UTF-8"?>
<!-- Generated by org.testng.reporters.JUnitXMLReporter -->
<testsuite ignored="9" hostname="Anils-MacBook-Air.local" failures="0" tests="7" name="Test" time="12.476" errors="0" timestamp="24 Apr 2018 17:57:13 GMT">
  <testcase classname="e2e_testcases.test_cases" name="email_mandatory" time="1.919"/>
  <testcase classname="e2e_testcases.test_cases" name="firstname_mandatory" time="1.627"/>
  <testcase classname="e2e_testcases.test_cases" name="home_page_title" time="0.086"/>
  <testcase classname="e2e_testcases.test_cases" name="lastname_mandatory" time="1.592"/>
  <testcase classname="e2e_testcases.test_cases" name="valid_email" time="1.856"/>
  <testcase classname="e2e_testcases.test_cases" name="verifyall_fields" time="0.189"/>
  <testcase classname="passion_basetest.passion_e2e.AppTest" name="testApp" time="0.003"/>
  <testcase classname="e2e_testcases.test_cases" name="gettext_lname" time="0.0">
    <ignored/>
  </testcase> <!-- gettext_lname -->
  <testcase classname="e2e_testcases.test_cases" name="fn_input" time="0.0">
    <ignored/>
  </testcase> <!-- fn_input -->
  <testcase classname="e2e_testcases.test_cases" name="gettext_fname" time="0.0">
    <ignored/>
  </testcase> <!-- gettext_fname -->
  <testcase classname="e2e_testcases.test_cases" name="ln_input" time="0.0">
    <ignored/>
  </testcase> <!-- ln_input -->
  <testcase classname="e2e_testcases.test_cases" name="tc_001" time="0.0">
    <ignored/>
  </testcase> <!-- tc_001 -->
  <testcase classname="e2e_testcases.test_cases" name="tc_004" time="0.0">
    <ignored/>
  </testcase> <!-- tc_004 -->
  <testcase classname="e2e_testcases.test_cases" name="email_input" time="0.0">
    <ignored/>
  </testcase> <!-- email_input -->
  <testcase classname="e2e_testcases.test_cases" name="gettext_email" time="0.0">
    <ignored/>
  </testcase> <!-- gettext_email -->
  <testcase classname="e2e_testcases.test_cases" name="tc_002" time="0.0">
    <ignored/>
  </testcase> <!-- tc_002 -->
</testsuite> <!-- Test -->
